<?xml version="1.0" encoding="UTF-8"?>
<testng-results skipped="0" failed="0" ignored="0" total="1" passed="1">
  <reporter-output>
  </reporter-output>
  <suite name="Suite" duration-ms="11335" started-at="2018-12-11T13:23:20Z" finished-at="2018-12-11T13:23:31Z">
    <groups>
    </groups>
    <test name="Test" duration-ms="11335" started-at="2018-12-11T13:23:20Z" finished-at="2018-12-11T13:23:31Z">
      <class name="com.coda.SampleProj.SampleReports.AddReportDocker">
        <test-method status="PASS" signature="LaunchIRCTC()[pri:0, instance:com.coda.SampleProj.SampleReports.AddReportDocker@3d8c7aca]" name="LaunchIRCTC" duration-ms="11288" started-at="2018-12-11T18:53:20Z" finished-at="2018-12-11T18:53:31Z">
          <reporter-output>
          </reporter-output>
        </test-method> <!-- LaunchIRCTC -->
      </class> <!-- com.coda.SampleProj.SampleReports.AddReportDocker -->
    </test> <!-- Test -->
  </suite> <!-- Suite -->
</testng-results>
