<?xml version="1.0" encoding="UTF-8"?>
<testng-results skipped="0" failed="0" ignored="0" total="1" passed="1">
  <reporter-output>
  </reporter-output>
  <suite name="Default suite" duration-ms="9026" started-at="2018-12-12T07:10:06Z" finished-at="2018-12-12T07:10:15Z">
    <groups>
    </groups>
    <test name="Default test" duration-ms="9026" started-at="2018-12-12T07:10:06Z" finished-at="2018-12-12T07:10:15Z">
      <class name="com.coda.SampleProj.SampleReports.AddReportDocker">
        <test-method status="PASS" signature="LaunchIRCTC()[pri:0, instance:com.coda.SampleProj.SampleReports.AddReportDocker@5e3a8624]" name="LaunchIRCTC" duration-ms="9000" started-at="2018-12-12T12:40:06Z" finished-at="2018-12-12T12:40:15Z">
          <reporter-output>
          </reporter-output>
        </test-method> <!-- LaunchIRCTC -->
      </class> <!-- com.coda.SampleProj.SampleReports.AddReportDocker -->
    </test> <!-- Default test -->
  </suite> <!-- Default suite -->
</testng-results>
